Determining if the pthread_create exist failed with the following output:
Change Dir: /home/lesslab5/Documents/simulator_ws/build/flightgoggles_uav_dynamics/CMakeFiles/CMakeTmp

Run Build Command:"/usr/bin/make" "cmTC_47cee/fast"
/usr/bin/make -f CMakeFiles/cmTC_47cee.dir/build.make CMakeFiles/cmTC_47cee.dir/build
make[1]: Entering directory '/home/lesslab5/Documents/simulator_ws/build/flightgoggles_uav_dynamics/CMakeFiles/CMakeTmp'
Building C object CMakeFiles/cmTC_47cee.dir/CheckSymbolExists.c.o
/usr/bin/cc    -o CMakeFiles/cmTC_47cee.dir/CheckSymbolExists.c.o   -c /home/lesslab5/Documents/simulator_ws/build/flightgoggles_uav_dynamics/CMakeFiles/CMakeTmp/CheckSymbolExists.c
Linking C executable cmTC_47cee
/usr/bin/cmake -E cmake_link_script CMakeFiles/cmTC_47cee.dir/link.txt --verbose=1
/usr/bin/cc      -rdynamic CMakeFiles/cmTC_47cee.dir/CheckSymbolExists.c.o  -o cmTC_47cee 
CMakeFiles/cmTC_47cee.dir/CheckSymbolExists.c.o: In function `main':
CheckSymbolExists.c:(.text+0x1b): undefined reference to `pthread_create'
collect2: error: ld returned 1 exit status
CMakeFiles/cmTC_47cee.dir/build.make:97: recipe for target 'cmTC_47cee' failed
make[1]: *** [cmTC_47cee] Error 1
make[1]: Leaving directory '/home/lesslab5/Documents/simulator_ws/build/flightgoggles_uav_dynamics/CMakeFiles/CMakeTmp'
Makefile:126: recipe for target 'cmTC_47cee/fast' failed
make: *** [cmTC_47cee/fast] Error 2

File /home/lesslab5/Documents/simulator_ws/build/flightgoggles_uav_dynamics/CMakeFiles/CMakeTmp/CheckSymbolExists.c:
/* */
#include <pthread.h>

int main(int argc, char** argv)
{
  (void)argv;
#ifndef pthread_create
  return ((int*)(&pthread_create))[argc];
#else
  (void)argc;
  return 0;
#endif
}

Determining if the function pthread_create exists in the pthreads failed with the following output:
Change Dir: /home/lesslab5/Documents/simulator_ws/build/flightgoggles_uav_dynamics/CMakeFiles/CMakeTmp

Run Build Command:"/usr/bin/make" "cmTC_78cc0/fast"
/usr/bin/make -f CMakeFiles/cmTC_78cc0.dir/build.make CMakeFiles/cmTC_78cc0.dir/build
make[1]: Entering directory '/home/lesslab5/Documents/simulator_ws/build/flightgoggles_uav_dynamics/CMakeFiles/CMakeTmp'
Building C object CMakeFiles/cmTC_78cc0.dir/CheckFunctionExists.c.o
/usr/bin/cc   -DCHECK_FUNCTION_EXISTS=pthread_create   -o CMakeFiles/cmTC_78cc0.dir/CheckFunctionExists.c.o   -c /usr/share/cmake-3.10/Modules/CheckFunctionExists.c
Linking C executable cmTC_78cc0
/usr/bin/cmake -E cmake_link_script CMakeFiles/cmTC_78cc0.dir/link.txt --verbose=1
/usr/bin/cc  -DCHECK_FUNCTION_EXISTS=pthread_create    -rdynamic CMakeFiles/cmTC_78cc0.dir/CheckFunctionExists.c.o  -o cmTC_78cc0 -lpthreads 
/usr/bin/ld: cannot find -lpthreads
collect2: error: ld returned 1 exit status
CMakeFiles/cmTC_78cc0.dir/build.make:97: recipe for target 'cmTC_78cc0' failed
make[1]: *** [cmTC_78cc0] Error 1
make[1]: Leaving directory '/home/lesslab5/Documents/simulator_ws/build/flightgoggles_uav_dynamics/CMakeFiles/CMakeTmp'
Makefile:126: recipe for target 'cmTC_78cc0/fast' failed
make: *** [cmTC_78cc0/fast] Error 2


