Determining if the pthread_create exist failed with the following output:
Change Dir: /home/lesslab5/Documents/simulator_ws/build/visualizer/CMakeFiles/CMakeTmp

Run Build Command:"/usr/bin/make" "cmTC_10e84/fast"
/usr/bin/make -f CMakeFiles/cmTC_10e84.dir/build.make CMakeFiles/cmTC_10e84.dir/build
make[1]: Entering directory '/home/lesslab5/Documents/simulator_ws/build/visualizer/CMakeFiles/CMakeTmp'
Building C object CMakeFiles/cmTC_10e84.dir/CheckSymbolExists.c.o
/usr/bin/cc    -o CMakeFiles/cmTC_10e84.dir/CheckSymbolExists.c.o   -c /home/lesslab5/Documents/simulator_ws/build/visualizer/CMakeFiles/CMakeTmp/CheckSymbolExists.c
Linking C executable cmTC_10e84
/usr/bin/cmake -E cmake_link_script CMakeFiles/cmTC_10e84.dir/link.txt --verbose=1
/usr/bin/cc      -rdynamic CMakeFiles/cmTC_10e84.dir/CheckSymbolExists.c.o  -o cmTC_10e84 
CMakeFiles/cmTC_10e84.dir/CheckSymbolExists.c.o: In function `main':
CheckSymbolExists.c:(.text+0x1b): undefined reference to `pthread_create'
collect2: error: ld returned 1 exit status
CMakeFiles/cmTC_10e84.dir/build.make:97: recipe for target 'cmTC_10e84' failed
make[1]: *** [cmTC_10e84] Error 1
make[1]: Leaving directory '/home/lesslab5/Documents/simulator_ws/build/visualizer/CMakeFiles/CMakeTmp'
Makefile:126: recipe for target 'cmTC_10e84/fast' failed
make: *** [cmTC_10e84/fast] Error 2

File /home/lesslab5/Documents/simulator_ws/build/visualizer/CMakeFiles/CMakeTmp/CheckSymbolExists.c:
/* */
#include <pthread.h>

int main(int argc, char** argv)
{
  (void)argv;
#ifndef pthread_create
  return ((int*)(&pthread_create))[argc];
#else
  (void)argc;
  return 0;
#endif
}

Determining if the function pthread_create exists in the pthreads failed with the following output:
Change Dir: /home/lesslab5/Documents/simulator_ws/build/visualizer/CMakeFiles/CMakeTmp

Run Build Command:"/usr/bin/make" "cmTC_25401/fast"
/usr/bin/make -f CMakeFiles/cmTC_25401.dir/build.make CMakeFiles/cmTC_25401.dir/build
make[1]: Entering directory '/home/lesslab5/Documents/simulator_ws/build/visualizer/CMakeFiles/CMakeTmp'
Building C object CMakeFiles/cmTC_25401.dir/CheckFunctionExists.c.o
/usr/bin/cc   -DCHECK_FUNCTION_EXISTS=pthread_create   -o CMakeFiles/cmTC_25401.dir/CheckFunctionExists.c.o   -c /usr/share/cmake-3.10/Modules/CheckFunctionExists.c
Linking C executable cmTC_25401
/usr/bin/cmake -E cmake_link_script CMakeFiles/cmTC_25401.dir/link.txt --verbose=1
/usr/bin/cc  -DCHECK_FUNCTION_EXISTS=pthread_create    -rdynamic CMakeFiles/cmTC_25401.dir/CheckFunctionExists.c.o  -o cmTC_25401 -lpthreads 
/usr/bin/ld: cannot find -lpthreads
collect2: error: ld returned 1 exit status
CMakeFiles/cmTC_25401.dir/build.make:97: recipe for target 'cmTC_25401' failed
make[1]: *** [cmTC_25401] Error 1
make[1]: Leaving directory '/home/lesslab5/Documents/simulator_ws/build/visualizer/CMakeFiles/CMakeTmp'
Makefile:126: recipe for target 'cmTC_25401/fast' failed
make: *** [cmTC_25401/fast] Error 2


