Determining if the pthread_create exist failed with the following output:
Change Dir: /home/lesslab5/Documents/simulator_ws/build/catkin_tools_prebuild/CMakeFiles/CMakeTmp

Run Build Command:"/usr/bin/make" "cmTC_cc70f/fast"
/usr/bin/make -f CMakeFiles/cmTC_cc70f.dir/build.make CMakeFiles/cmTC_cc70f.dir/build
make[1]: Entering directory '/home/lesslab5/Documents/simulator_ws/build/catkin_tools_prebuild/CMakeFiles/CMakeTmp'
Building C object CMakeFiles/cmTC_cc70f.dir/CheckSymbolExists.c.o
/usr/bin/cc    -o CMakeFiles/cmTC_cc70f.dir/CheckSymbolExists.c.o   -c /home/lesslab5/Documents/simulator_ws/build/catkin_tools_prebuild/CMakeFiles/CMakeTmp/CheckSymbolExists.c
Linking C executable cmTC_cc70f
/usr/bin/cmake -E cmake_link_script CMakeFiles/cmTC_cc70f.dir/link.txt --verbose=1
/usr/bin/cc      -rdynamic CMakeFiles/cmTC_cc70f.dir/CheckSymbolExists.c.o  -o cmTC_cc70f 
CMakeFiles/cmTC_cc70f.dir/CheckSymbolExists.c.o: In function `main':
CheckSymbolExists.c:(.text+0x1b): undefined reference to `pthread_create'
collect2: error: ld returned 1 exit status
CMakeFiles/cmTC_cc70f.dir/build.make:97: recipe for target 'cmTC_cc70f' failed
make[1]: *** [cmTC_cc70f] Error 1
make[1]: Leaving directory '/home/lesslab5/Documents/simulator_ws/build/catkin_tools_prebuild/CMakeFiles/CMakeTmp'
Makefile:126: recipe for target 'cmTC_cc70f/fast' failed
make: *** [cmTC_cc70f/fast] Error 2

File /home/lesslab5/Documents/simulator_ws/build/catkin_tools_prebuild/CMakeFiles/CMakeTmp/CheckSymbolExists.c:
/* */
#include <pthread.h>

int main(int argc, char** argv)
{
  (void)argv;
#ifndef pthread_create
  return ((int*)(&pthread_create))[argc];
#else
  (void)argc;
  return 0;
#endif
}

Determining if the function pthread_create exists in the pthreads failed with the following output:
Change Dir: /home/lesslab5/Documents/simulator_ws/build/catkin_tools_prebuild/CMakeFiles/CMakeTmp

Run Build Command:"/usr/bin/make" "cmTC_be6bb/fast"
/usr/bin/make -f CMakeFiles/cmTC_be6bb.dir/build.make CMakeFiles/cmTC_be6bb.dir/build
make[1]: Entering directory '/home/lesslab5/Documents/simulator_ws/build/catkin_tools_prebuild/CMakeFiles/CMakeTmp'
Building C object CMakeFiles/cmTC_be6bb.dir/CheckFunctionExists.c.o
/usr/bin/cc   -DCHECK_FUNCTION_EXISTS=pthread_create   -o CMakeFiles/cmTC_be6bb.dir/CheckFunctionExists.c.o   -c /usr/share/cmake-3.10/Modules/CheckFunctionExists.c
Linking C executable cmTC_be6bb
/usr/bin/cmake -E cmake_link_script CMakeFiles/cmTC_be6bb.dir/link.txt --verbose=1
/usr/bin/cc  -DCHECK_FUNCTION_EXISTS=pthread_create    -rdynamic CMakeFiles/cmTC_be6bb.dir/CheckFunctionExists.c.o  -o cmTC_be6bb -lpthreads 
/usr/bin/ld: cannot find -lpthreads
collect2: error: ld returned 1 exit status
CMakeFiles/cmTC_be6bb.dir/build.make:97: recipe for target 'cmTC_be6bb' failed
make[1]: *** [cmTC_be6bb] Error 1
make[1]: Leaving directory '/home/lesslab5/Documents/simulator_ws/build/catkin_tools_prebuild/CMakeFiles/CMakeTmp'
Makefile:126: recipe for target 'cmTC_be6bb/fast' failed
make: *** [cmTC_be6bb/fast] Error 2


