Determining if the pthread_create exist failed with the following output:
Change Dir: /home/lesslab5/Documents/simulator_ws/build/sensor_simulation/CMakeFiles/CMakeTmp

Run Build Command:"/usr/bin/make" "cmTC_bc153/fast"
/usr/bin/make -f CMakeFiles/cmTC_bc153.dir/build.make CMakeFiles/cmTC_bc153.dir/build
make[1]: Entering directory '/home/lesslab5/Documents/simulator_ws/build/sensor_simulation/CMakeFiles/CMakeTmp'
Building C object CMakeFiles/cmTC_bc153.dir/CheckSymbolExists.c.o
/usr/bin/cc    -o CMakeFiles/cmTC_bc153.dir/CheckSymbolExists.c.o   -c /home/lesslab5/Documents/simulator_ws/build/sensor_simulation/CMakeFiles/CMakeTmp/CheckSymbolExists.c
Linking C executable cmTC_bc153
/usr/bin/cmake -E cmake_link_script CMakeFiles/cmTC_bc153.dir/link.txt --verbose=1
/usr/bin/cc      -rdynamic CMakeFiles/cmTC_bc153.dir/CheckSymbolExists.c.o  -o cmTC_bc153 
CMakeFiles/cmTC_bc153.dir/CheckSymbolExists.c.o: In function `main':
CheckSymbolExists.c:(.text+0x1b): undefined reference to `pthread_create'
collect2: error: ld returned 1 exit status
CMakeFiles/cmTC_bc153.dir/build.make:97: recipe for target 'cmTC_bc153' failed
make[1]: *** [cmTC_bc153] Error 1
make[1]: Leaving directory '/home/lesslab5/Documents/simulator_ws/build/sensor_simulation/CMakeFiles/CMakeTmp'
Makefile:126: recipe for target 'cmTC_bc153/fast' failed
make: *** [cmTC_bc153/fast] Error 2

File /home/lesslab5/Documents/simulator_ws/build/sensor_simulation/CMakeFiles/CMakeTmp/CheckSymbolExists.c:
/* */
#include <pthread.h>

int main(int argc, char** argv)
{
  (void)argv;
#ifndef pthread_create
  return ((int*)(&pthread_create))[argc];
#else
  (void)argc;
  return 0;
#endif
}

Determining if the function pthread_create exists in the pthreads failed with the following output:
Change Dir: /home/lesslab5/Documents/simulator_ws/build/sensor_simulation/CMakeFiles/CMakeTmp

Run Build Command:"/usr/bin/make" "cmTC_dbd8a/fast"
/usr/bin/make -f CMakeFiles/cmTC_dbd8a.dir/build.make CMakeFiles/cmTC_dbd8a.dir/build
make[1]: Entering directory '/home/lesslab5/Documents/simulator_ws/build/sensor_simulation/CMakeFiles/CMakeTmp'
Building C object CMakeFiles/cmTC_dbd8a.dir/CheckFunctionExists.c.o
/usr/bin/cc   -DCHECK_FUNCTION_EXISTS=pthread_create   -o CMakeFiles/cmTC_dbd8a.dir/CheckFunctionExists.c.o   -c /usr/share/cmake-3.10/Modules/CheckFunctionExists.c
Linking C executable cmTC_dbd8a
/usr/bin/cmake -E cmake_link_script CMakeFiles/cmTC_dbd8a.dir/link.txt --verbose=1
/usr/bin/cc  -DCHECK_FUNCTION_EXISTS=pthread_create    -rdynamic CMakeFiles/cmTC_dbd8a.dir/CheckFunctionExists.c.o  -o cmTC_dbd8a -lpthreads 
/usr/bin/ld: cannot find -lpthreads
collect2: error: ld returned 1 exit status
CMakeFiles/cmTC_dbd8a.dir/build.make:97: recipe for target 'cmTC_dbd8a' failed
make[1]: *** [cmTC_dbd8a] Error 1
make[1]: Leaving directory '/home/lesslab5/Documents/simulator_ws/build/sensor_simulation/CMakeFiles/CMakeTmp'
Makefile:126: recipe for target 'cmTC_dbd8a/fast' failed
make: *** [cmTC_dbd8a/fast] Error 2


