Determining if the pthread_create exist failed with the following output:
Change Dir: /home/lesslab5/Documents/simulator_ws/build/mission_waypoints/CMakeFiles/CMakeTmp

Run Build Command:"/usr/bin/make" "cmTC_dba4c/fast"
/usr/bin/make -f CMakeFiles/cmTC_dba4c.dir/build.make CMakeFiles/cmTC_dba4c.dir/build
make[1]: Entering directory '/home/lesslab5/Documents/simulator_ws/build/mission_waypoints/CMakeFiles/CMakeTmp'
Building C object CMakeFiles/cmTC_dba4c.dir/CheckSymbolExists.c.o
/usr/bin/cc    -o CMakeFiles/cmTC_dba4c.dir/CheckSymbolExists.c.o   -c /home/lesslab5/Documents/simulator_ws/build/mission_waypoints/CMakeFiles/CMakeTmp/CheckSymbolExists.c
Linking C executable cmTC_dba4c
/usr/bin/cmake -E cmake_link_script CMakeFiles/cmTC_dba4c.dir/link.txt --verbose=1
/usr/bin/cc      -rdynamic CMakeFiles/cmTC_dba4c.dir/CheckSymbolExists.c.o  -o cmTC_dba4c 
CMakeFiles/cmTC_dba4c.dir/CheckSymbolExists.c.o: In function `main':
CheckSymbolExists.c:(.text+0x1b): undefined reference to `pthread_create'
collect2: error: ld returned 1 exit status
CMakeFiles/cmTC_dba4c.dir/build.make:97: recipe for target 'cmTC_dba4c' failed
make[1]: *** [cmTC_dba4c] Error 1
make[1]: Leaving directory '/home/lesslab5/Documents/simulator_ws/build/mission_waypoints/CMakeFiles/CMakeTmp'
Makefile:126: recipe for target 'cmTC_dba4c/fast' failed
make: *** [cmTC_dba4c/fast] Error 2

File /home/lesslab5/Documents/simulator_ws/build/mission_waypoints/CMakeFiles/CMakeTmp/CheckSymbolExists.c:
/* */
#include <pthread.h>

int main(int argc, char** argv)
{
  (void)argv;
#ifndef pthread_create
  return ((int*)(&pthread_create))[argc];
#else
  (void)argc;
  return 0;
#endif
}

Determining if the function pthread_create exists in the pthreads failed with the following output:
Change Dir: /home/lesslab5/Documents/simulator_ws/build/mission_waypoints/CMakeFiles/CMakeTmp

Run Build Command:"/usr/bin/make" "cmTC_839ed/fast"
/usr/bin/make -f CMakeFiles/cmTC_839ed.dir/build.make CMakeFiles/cmTC_839ed.dir/build
make[1]: Entering directory '/home/lesslab5/Documents/simulator_ws/build/mission_waypoints/CMakeFiles/CMakeTmp'
Building C object CMakeFiles/cmTC_839ed.dir/CheckFunctionExists.c.o
/usr/bin/cc   -DCHECK_FUNCTION_EXISTS=pthread_create   -o CMakeFiles/cmTC_839ed.dir/CheckFunctionExists.c.o   -c /usr/share/cmake-3.10/Modules/CheckFunctionExists.c
Linking C executable cmTC_839ed
/usr/bin/cmake -E cmake_link_script CMakeFiles/cmTC_839ed.dir/link.txt --verbose=1
/usr/bin/cc  -DCHECK_FUNCTION_EXISTS=pthread_create    -rdynamic CMakeFiles/cmTC_839ed.dir/CheckFunctionExists.c.o  -o cmTC_839ed -lpthreads 
/usr/bin/ld: cannot find -lpthreads
collect2: error: ld returned 1 exit status
CMakeFiles/cmTC_839ed.dir/build.make:97: recipe for target 'cmTC_839ed' failed
make[1]: *** [cmTC_839ed] Error 1
make[1]: Leaving directory '/home/lesslab5/Documents/simulator_ws/build/mission_waypoints/CMakeFiles/CMakeTmp'
Makefile:126: recipe for target 'cmTC_839ed/fast' failed
make: *** [cmTC_839ed/fast] Error 2


