Determining if the pthread_create exist failed with the following output:
Change Dir: /home/lesslab5/Documents/simulator_ws/build/freyja_examples/CMakeFiles/CMakeTmp

Run Build Command:"/usr/bin/make" "cmTC_59eff/fast"
/usr/bin/make -f CMakeFiles/cmTC_59eff.dir/build.make CMakeFiles/cmTC_59eff.dir/build
make[1]: Entering directory '/home/lesslab5/Documents/simulator_ws/build/freyja_examples/CMakeFiles/CMakeTmp'
Building C object CMakeFiles/cmTC_59eff.dir/CheckSymbolExists.c.o
/usr/bin/cc    -o CMakeFiles/cmTC_59eff.dir/CheckSymbolExists.c.o   -c /home/lesslab5/Documents/simulator_ws/build/freyja_examples/CMakeFiles/CMakeTmp/CheckSymbolExists.c
Linking C executable cmTC_59eff
/usr/bin/cmake -E cmake_link_script CMakeFiles/cmTC_59eff.dir/link.txt --verbose=1
/usr/bin/cc      -rdynamic CMakeFiles/cmTC_59eff.dir/CheckSymbolExists.c.o  -o cmTC_59eff 
CMakeFiles/cmTC_59eff.dir/CheckSymbolExists.c.o: In function `main':
CheckSymbolExists.c:(.text+0x1b): undefined reference to `pthread_create'
collect2: error: ld returned 1 exit status
CMakeFiles/cmTC_59eff.dir/build.make:97: recipe for target 'cmTC_59eff' failed
make[1]: *** [cmTC_59eff] Error 1
make[1]: Leaving directory '/home/lesslab5/Documents/simulator_ws/build/freyja_examples/CMakeFiles/CMakeTmp'
Makefile:126: recipe for target 'cmTC_59eff/fast' failed
make: *** [cmTC_59eff/fast] Error 2

File /home/lesslab5/Documents/simulator_ws/build/freyja_examples/CMakeFiles/CMakeTmp/CheckSymbolExists.c:
/* */
#include <pthread.h>

int main(int argc, char** argv)
{
  (void)argv;
#ifndef pthread_create
  return ((int*)(&pthread_create))[argc];
#else
  (void)argc;
  return 0;
#endif
}

Determining if the function pthread_create exists in the pthreads failed with the following output:
Change Dir: /home/lesslab5/Documents/simulator_ws/build/freyja_examples/CMakeFiles/CMakeTmp

Run Build Command:"/usr/bin/make" "cmTC_0ab31/fast"
/usr/bin/make -f CMakeFiles/cmTC_0ab31.dir/build.make CMakeFiles/cmTC_0ab31.dir/build
make[1]: Entering directory '/home/lesslab5/Documents/simulator_ws/build/freyja_examples/CMakeFiles/CMakeTmp'
Building C object CMakeFiles/cmTC_0ab31.dir/CheckFunctionExists.c.o
/usr/bin/cc   -DCHECK_FUNCTION_EXISTS=pthread_create   -o CMakeFiles/cmTC_0ab31.dir/CheckFunctionExists.c.o   -c /usr/share/cmake-3.10/Modules/CheckFunctionExists.c
Linking C executable cmTC_0ab31
/usr/bin/cmake -E cmake_link_script CMakeFiles/cmTC_0ab31.dir/link.txt --verbose=1
/usr/bin/cc  -DCHECK_FUNCTION_EXISTS=pthread_create    -rdynamic CMakeFiles/cmTC_0ab31.dir/CheckFunctionExists.c.o  -o cmTC_0ab31 -lpthreads 
/usr/bin/ld: cannot find -lpthreads
collect2: error: ld returned 1 exit status
CMakeFiles/cmTC_0ab31.dir/build.make:97: recipe for target 'cmTC_0ab31' failed
make[1]: *** [cmTC_0ab31] Error 1
make[1]: Leaving directory '/home/lesslab5/Documents/simulator_ws/build/freyja_examples/CMakeFiles/CMakeTmp'
Makefile:126: recipe for target 'cmTC_0ab31/fast' failed
make: *** [cmTC_0ab31/fast] Error 2


