Determining if the pthread_create exist failed with the following output:
Change Dir: /home/lesslab5/Documents/simulator_ws/build/flightgoggles/CMakeFiles/CMakeTmp

Run Build Command:"/usr/bin/make" "cmTC_0813e/fast"
/usr/bin/make -f CMakeFiles/cmTC_0813e.dir/build.make CMakeFiles/cmTC_0813e.dir/build
make[1]: Entering directory '/home/lesslab5/Documents/simulator_ws/build/flightgoggles/CMakeFiles/CMakeTmp'
Building C object CMakeFiles/cmTC_0813e.dir/CheckSymbolExists.c.o
/usr/bin/cc    -o CMakeFiles/cmTC_0813e.dir/CheckSymbolExists.c.o   -c /home/lesslab5/Documents/simulator_ws/build/flightgoggles/CMakeFiles/CMakeTmp/CheckSymbolExists.c
Linking C executable cmTC_0813e
/usr/bin/cmake -E cmake_link_script CMakeFiles/cmTC_0813e.dir/link.txt --verbose=1
/usr/bin/cc      -rdynamic CMakeFiles/cmTC_0813e.dir/CheckSymbolExists.c.o  -o cmTC_0813e 
CMakeFiles/cmTC_0813e.dir/CheckSymbolExists.c.o: In function `main':
CheckSymbolExists.c:(.text+0x1b): undefined reference to `pthread_create'
collect2: error: ld returned 1 exit status
CMakeFiles/cmTC_0813e.dir/build.make:97: recipe for target 'cmTC_0813e' failed
make[1]: *** [cmTC_0813e] Error 1
make[1]: Leaving directory '/home/lesslab5/Documents/simulator_ws/build/flightgoggles/CMakeFiles/CMakeTmp'
Makefile:126: recipe for target 'cmTC_0813e/fast' failed
make: *** [cmTC_0813e/fast] Error 2

File /home/lesslab5/Documents/simulator_ws/build/flightgoggles/CMakeFiles/CMakeTmp/CheckSymbolExists.c:
/* */
#include <pthread.h>

int main(int argc, char** argv)
{
  (void)argv;
#ifndef pthread_create
  return ((int*)(&pthread_create))[argc];
#else
  (void)argc;
  return 0;
#endif
}

Determining if the function pthread_create exists in the pthreads failed with the following output:
Change Dir: /home/lesslab5/Documents/simulator_ws/build/flightgoggles/CMakeFiles/CMakeTmp

Run Build Command:"/usr/bin/make" "cmTC_2053b/fast"
/usr/bin/make -f CMakeFiles/cmTC_2053b.dir/build.make CMakeFiles/cmTC_2053b.dir/build
make[1]: Entering directory '/home/lesslab5/Documents/simulator_ws/build/flightgoggles/CMakeFiles/CMakeTmp'
Building C object CMakeFiles/cmTC_2053b.dir/CheckFunctionExists.c.o
/usr/bin/cc   -DCHECK_FUNCTION_EXISTS=pthread_create   -o CMakeFiles/cmTC_2053b.dir/CheckFunctionExists.c.o   -c /usr/share/cmake-3.10/Modules/CheckFunctionExists.c
Linking C executable cmTC_2053b
/usr/bin/cmake -E cmake_link_script CMakeFiles/cmTC_2053b.dir/link.txt --verbose=1
/usr/bin/cc  -DCHECK_FUNCTION_EXISTS=pthread_create    -rdynamic CMakeFiles/cmTC_2053b.dir/CheckFunctionExists.c.o  -o cmTC_2053b -lpthreads 
/usr/bin/ld: cannot find -lpthreads
collect2: error: ld returned 1 exit status
CMakeFiles/cmTC_2053b.dir/build.make:97: recipe for target 'cmTC_2053b' failed
make[1]: *** [cmTC_2053b] Error 1
make[1]: Leaving directory '/home/lesslab5/Documents/simulator_ws/build/flightgoggles/CMakeFiles/CMakeTmp'
Makefile:126: recipe for target 'cmTC_2053b/fast' failed
make: *** [cmTC_2053b/fast] Error 2


